<?xml version="1.0" encoding="UTF-8"?>
<robot generator="Robot 6.0.1 (Python 3.11.1 on win32)" generated="20230103 19:35:51.130" rpa="false" schemaversion="3">
<suite id="s1" name="Login" source="D:\ROBOT FRAMEWORK\login.robot">
<kw name="Open Browser" library="SeleniumLibrary" type="SETUP">
<arg>${url}</arg>
<arg>${BROWSER}</arg>
<doc>Opens a new browser instance to the optional ``url``.</doc>
<msg timestamp="20230103 19:35:51.463" level="INFO">Opening browser 'Chrome' to base url 'https://dineshvelhal.github.io/testautomation-playground/login.html'.</msg>
<status status="PASS" starttime="20230103 19:35:51.462" endtime="20230103 19:35:55.247"/>
</kw>
<test id="s1-t1" name="Add pizza to cart" line="62">
<kw name="Open browser to the login page">
<kw name="Open Browser" library="SeleniumLibrary">
<arg>${url}</arg>
<arg>${BROWSER}</arg>
<doc>Opens a new browser instance to the optional ``url``.</doc>
<msg timestamp="20230103 19:35:55.252" level="INFO">Opening browser 'Chrome' to base url 'https://dineshvelhal.github.io/testautomation-playground/login.html'.</msg>
<status status="PASS" starttime="20230103 19:35:55.250" endtime="20230103 19:35:57.698"/>
</kw>
<kw name="Maximize Browser Window" library="SeleniumLibrary">
<doc>Maximizes current browser window.</doc>
<status status="PASS" starttime="20230103 19:35:57.699" endtime="20230103 19:35:57.826"/>
</kw>
<status status="PASS" starttime="20230103 19:35:55.249" endtime="20230103 19:35:57.826"/>
</kw>
<kw name="Input username">
<kw name="Input Text" library="SeleniumLibrary">
<arg>${username}</arg>
<arg>admin</arg>
<doc>Types the given ``text`` into the text field identified by ``locator``.</doc>
<msg timestamp="20230103 19:35:57.831" level="INFO">Typing text 'admin' into text field 'id=user'.</msg>
<status status="PASS" starttime="20230103 19:35:57.829" endtime="20230103 19:35:58.151"/>
</kw>
<status status="PASS" starttime="20230103 19:35:57.828" endtime="20230103 19:35:58.151"/>
</kw>
<kw name="Input password">
<kw name="Input Text" library="SeleniumLibrary">
<arg>${password}</arg>
<arg>admin</arg>
<doc>Types the given ``text`` into the text field identified by ``locator``.</doc>
<msg timestamp="20230103 19:35:58.157" level="INFO">Typing text 'admin' into text field 'id=password'.</msg>
<status status="PASS" starttime="20230103 19:35:58.156" endtime="20230103 19:35:58.352"/>
</kw>
<status status="PASS" starttime="20230103 19:35:58.155" endtime="20230103 19:35:58.352"/>
</kw>
<kw name="Click login button">
<kw name="Click Element" library="SeleniumLibrary">
<arg>${btnlogin}</arg>
<doc>Click the element identified by ``locator``.</doc>
<msg timestamp="20230103 19:35:58.355" level="INFO">Clicking element 'id=login'.</msg>
<status status="PASS" starttime="20230103 19:35:58.354" endtime="20230103 19:35:59.634"/>
</kw>
<kw name="Sleep" library="BuiltIn">
<arg>1s</arg>
<doc>Pauses the test executed for the given time.</doc>
<msg timestamp="20230103 19:36:00.637" level="INFO">Slept 1 second</msg>
<status status="PASS" starttime="20230103 19:35:59.635" endtime="20230103 19:36:00.637"/>
</kw>
<status status="PASS" starttime="20230103 19:35:58.353" endtime="20230103 19:36:00.637"/>
</kw>
<kw name="Verify on homepage">
<kw name="Page Should Contain" library="SeleniumLibrary">
<arg>Dinesh's Pizza House</arg>
<doc>Verifies that current page contains ``text``.</doc>
<msg timestamp="20230103 19:36:00.700" level="INFO">Current page contains text 'Dinesh's Pizza House'.</msg>
<status status="PASS" starttime="20230103 19:36:00.639" endtime="20230103 19:36:00.701"/>
</kw>
<status status="PASS" starttime="20230103 19:36:00.638" endtime="20230103 19:36:00.701"/>
</kw>
<kw name="Choose pizza size">
<kw name="Click Element" library="SeleniumLibrary">
<arg>${size}</arg>
<doc>Click the element identified by ``locator``.</doc>
<msg timestamp="20230103 19:36:00.705" level="INFO">Clicking element 'id=rad_medium'.</msg>
<status status="PASS" starttime="20230103 19:36:00.704" endtime="20230103 19:36:00.869"/>
</kw>
<kw name="Sleep" library="BuiltIn">
<arg>1s</arg>
<doc>Pauses the test executed for the given time.</doc>
<msg timestamp="20230103 19:36:01.871" level="INFO">Slept 1 second</msg>
<status status="PASS" starttime="20230103 19:36:00.870" endtime="20230103 19:36:01.871"/>
</kw>
<status status="PASS" starttime="20230103 19:36:00.703" endtime="20230103 19:36:01.871"/>
</kw>
<kw name="Choose pizza flavor">
<kw name="Select From List By Label" library="SeleniumLibrary">
<arg>${flavor}</arg>
<arg>Supreme</arg>
<doc>Selects options from selection list ``locator`` by ``labels``.</doc>
<msg timestamp="20230103 19:36:01.874" level="INFO">Selecting options from selection list 'id=select_flavor' by label Supreme.</msg>
<status status="PASS" starttime="20230103 19:36:01.874" endtime="20230103 19:36:02.021"/>
</kw>
<kw name="Sleep" library="BuiltIn">
<arg>1s</arg>
<doc>Pauses the test executed for the given time.</doc>
<msg timestamp="20230103 19:36:03.023" level="INFO">Slept 1 second</msg>
<status status="PASS" starttime="20230103 19:36:02.022" endtime="20230103 19:36:03.023"/>
</kw>
<status status="PASS" starttime="20230103 19:36:01.872" endtime="20230103 19:36:03.023"/>
</kw>
<kw name="Choose sauce">
<kw name="Click Element" library="SeleniumLibrary">
<arg>${sauce}</arg>
<doc>Click the element identified by ``locator``.</doc>
<msg timestamp="20230103 19:36:03.025" level="INFO">Clicking element 'id=rad_barbeque'.</msg>
<status status="PASS" starttime="20230103 19:36:03.024" endtime="20230103 19:36:03.122"/>
</kw>
<status status="PASS" starttime="20230103 19:36:03.024" endtime="20230103 19:36:03.122"/>
</kw>
<kw name="Choose toppings">
<kw name="Click Element" library="SeleniumLibrary">
<arg>${topping3}</arg>
<doc>Click the element identified by ``locator``.</doc>
<msg timestamp="20230103 19:36:03.123" level="INFO">Clicking element 'id=tomoto'.</msg>
<status status="PASS" starttime="20230103 19:36:03.123" endtime="20230103 19:36:03.219"/>
</kw>
<kw name="Click Element" library="SeleniumLibrary">
<arg>${topping1}</arg>
<doc>Click the element identified by ``locator``.</doc>
<msg timestamp="20230103 19:36:03.220" level="INFO">Clicking element 'id=onions'.</msg>
<status status="PASS" starttime="20230103 19:36:03.219" endtime="20230103 19:36:03.295"/>
</kw>
<kw name="Click Element" library="SeleniumLibrary">
<arg>${topping2}</arg>
<doc>Click the element identified by ``locator``.</doc>
<msg timestamp="20230103 19:36:03.297" level="INFO">Clicking element 'id=green_olive'.</msg>
<status status="PASS" starttime="20230103 19:36:03.296" endtime="20230103 19:36:03.375"/>
</kw>
<kw name="Click Element" library="SeleniumLibrary">
<arg>${topping3}</arg>
<doc>Click the element identified by ``locator``.</doc>
<msg timestamp="20230103 19:36:03.375" level="INFO">Clicking element 'id=tomoto'.</msg>
<status status="PASS" starttime="20230103 19:36:03.375" endtime="20230103 19:36:03.425"/>
</kw>
<kw name="Sleep" library="BuiltIn">
<arg>1s</arg>
<doc>Pauses the test executed for the given time.</doc>
<msg timestamp="20230103 19:36:04.426" level="INFO">Slept 1 second</msg>
<status status="PASS" starttime="20230103 19:36:03.425" endtime="20230103 19:36:04.426"/>
</kw>
<status status="PASS" starttime="20230103 19:36:03.123" endtime="20230103 19:36:04.426"/>
</kw>
<kw name="Input quantity">
<kw name="Input Text" library="SeleniumLibrary">
<arg>${quantity}</arg>
<arg>3</arg>
<doc>Types the given ``text`` into the text field identified by ``locator``.</doc>
<msg timestamp="20230103 19:36:04.428" level="INFO">Typing text '3' into text field 'id=quantity'.</msg>
<status status="PASS" starttime="20230103 19:36:04.427" endtime="20230103 19:36:04.590"/>
</kw>
<kw name="Sleep" library="BuiltIn">
<arg>1s</arg>
<doc>Pauses the test executed for the given time.</doc>
<msg timestamp="20230103 19:36:05.590" level="INFO">Slept 1 second</msg>
<status status="PASS" starttime="20230103 19:36:04.590" endtime="20230103 19:36:05.590"/>
</kw>
<status status="PASS" starttime="20230103 19:36:04.427" endtime="20230103 19:36:05.590"/>
</kw>
<kw name="Click add to cart">
<kw name="Click Button" library="SeleniumLibrary">
<arg>${submit}</arg>
<doc>Clicks the button identified by ``locator``.</doc>
<msg timestamp="20230103 19:36:05.592" level="INFO">Clicking button 'id=submit_button'.</msg>
<status status="PASS" starttime="20230103 19:36:05.591" endtime="20230103 19:36:05.706"/>
</kw>
<kw name="Sleep" library="BuiltIn">
<arg>5s</arg>
<doc>Pauses the test executed for the given time.</doc>
<msg timestamp="20230103 19:36:10.707" level="INFO">Slept 5 seconds</msg>
<status status="PASS" starttime="20230103 19:36:05.706" endtime="20230103 19:36:10.707"/>
</kw>
<status status="PASS" starttime="20230103 19:36:05.590" endtime="20230103 19:36:10.707"/>
</kw>
<kw name="Verify success massage">
<kw name="Wait Until Element Is Visible" library="SeleniumLibrary">
<arg>${addmassage}</arg>
<doc>Waits until the element ``locator`` is visible.</doc>
<status status="PASS" starttime="20230103 19:36:10.708" endtime="20230103 19:36:10.871"/>
</kw>
<kw name="Element Text Should Be" library="SeleniumLibrary">
<arg>${addmassage}</arg>
<arg>Pizza added to the cart!</arg>
<doc>Verifies that element ``locator`` contains exact the text ``expected``.</doc>
<msg timestamp="20230103 19:36:10.873" level="INFO">Verifying element 'id=added_message' contains exact text 'Pizza added to the cart!'.</msg>
<status status="PASS" starttime="20230103 19:36:10.872" endtime="20230103 19:36:11.105"/>
</kw>
<kw name="Sleep" library="BuiltIn">
<arg>3s</arg>
<doc>Pauses the test executed for the given time.</doc>
<msg timestamp="20230103 19:36:14.107" level="INFO">Slept 3 seconds</msg>
<status status="PASS" starttime="20230103 19:36:11.106" endtime="20230103 19:36:14.107"/>
</kw>
<status status="PASS" starttime="20230103 19:36:10.707" endtime="20230103 19:36:14.107"/>
</kw>
<status status="PASS" starttime="20230103 19:35:55.247" endtime="20230103 19:36:14.133"/>
</test>
<kw name="Close Browser" library="SeleniumLibrary" type="TEARDOWN">
<doc>Closes the current browser.</doc>
<status status="PASS" starttime="20230103 19:36:14.138" endtime="20230103 19:36:16.643"/>
</kw>
<status status="PASS" starttime="20230103 19:35:51.132" endtime="20230103 19:36:16.644"/>
</suite>
<statistics>
<total>
<stat pass="1" fail="0" skip="0">All Tests</stat>
</total>
<tag>
</tag>
<suite>
<stat pass="1" fail="0" skip="0" id="s1" name="Login">Login</stat>
</suite>
</statistics>
<errors>
</errors>
</robot>
